2024-09-19 10:42:43,078 [INFO] Activator:176 - 


2024-09-19 10:42:43,083 [INFO] Activator:177 - !SESSION log4j initialized
2024-09-19 10:42:46,432 [INFO] LogOutputStream:77 - [STDOUT_REDIRECT] 
2024-09-19 10:42:48,211 [INFO] ApplicationProperties:184 - Using Application install path: C:\ST\STM32CubeIDE_1.16.0\STM32CubeIDE\plugins\com.st.stm32cube.common.mx_6.12.0.202406281431
2024-09-19 10:42:48,227 [INFO] DbMcusXml:78 - Set database path to: C:\ST\STM32CubeIDE_1.16.0\STM32CubeIDE\plugins\com.st.stm32cube.common.mx_6.12.0.202406281431\\db\/mcu/
2024-09-19 10:42:48,228 [INFO] ApiDb:274 - Set plugin database path to: C:\ST\STM32CubeIDE_1.16.0\STM32CubeIDE\plugins\com.st.stm32cube.common.mx_6.12.0.202406281431\\db\/plugins/boardmanager/
2024-09-19 10:42:48,228 [WARN] ApiDb:259 - Overriding images path with different value:  => C:\ST\STM32CubeIDE_1.16.0\STM32CubeIDE\plugins\com.st.stm32cube.common.mx_6.12.0.202406281431\\db\/plugins/mcufinder/images/
2024-09-19 10:42:48,236 [INFO] ApiDb:250 - Set database path to: C:\Users\aadne\.stmcufinder\plugins\mcufinder//mcu/
2024-09-19 10:42:48,237 [INFO] DbMcusAds:125 - Set database path to: C:\Users\aadne\.stmcufinder\plugins\mcufinder//mcu/
2024-09-19 10:42:48,239 [INFO] CrossReferenceDbSqlite:203 - Set database path to: C:\Users\aadne\.stmcufinder\plugins\mcufinder//mcu/cs/
2024-09-19 10:42:48,334 [INFO] RulesReader:64 - Compatibility file has been processed (297 Rules)
2024-09-19 10:42:48,409 [INFO] DbMcusXml:78 - Set database path to: C:\ST\STM32CubeIDE_1.16.0\STM32CubeIDE\plugins\com.st.stm32cube.common.mx_6.12.0.202406281431\\db\/mcu/
2024-09-19 10:42:48,409 [INFO] ApiDb:274 - Set plugin database path to: C:\ST\STM32CubeIDE_1.16.0\STM32CubeIDE\plugins\com.st.stm32cube.common.mx_6.12.0.202406281431\\db\/plugins/boardmanager/
2024-09-19 10:42:48,410 [INFO] ApiDb:261 - Set plugin images path to: C:\ST\STM32CubeIDE_1.16.0\STM32CubeIDE\plugins\com.st.stm32cube.common.mx_6.12.0.202406281431\\db\/plugins/mcufinder/images/
2024-09-19 10:42:48,410 [WARN] DbFile:41 - Overriding database path with different value: C:\Users\aadne\.stmcufinder\plugins\mcufinder/ => C:\Users\aadne\.stmcufinder\plugins\mcufinder
2024-09-19 10:42:48,410 [INFO] ApiDb:250 - Set database path to: C:\Users\aadne\.stmcufinder\plugins\mcufinder//mcu/
2024-09-19 10:42:48,410 [WARN] DbFile:41 - Overriding database path with different value: C:\Users\aadne\.stmcufinder\plugins\mcufinder/ => C:\Users\aadne\.stmcufinder\plugins\mcufinder
2024-09-19 10:42:48,410 [INFO] DbMcusAds:125 - Set database path to: C:\Users\aadne\.stmcufinder\plugins\mcufinder//mcu/
2024-09-19 10:42:48,410 [WARN] DbFile:41 - Overriding database path with different value: C:\Users\aadne\.stmcufinder\plugins\mcufinder/ => C:\Users\aadne\.stmcufinder\plugins\mcufinder
2024-09-19 10:42:48,410 [WARN] DbFile:41 - Overriding database path with different value: C:\Users\aadne\.stmcufinder\plugins\mcufinder/ => C:\Users\aadne\.stmcufinder\plugins\mcufinder
2024-09-19 10:42:48,410 [INFO] CrossReferenceDbSqlite:203 - Set database path to: C:\Users\aadne\.stmcufinder\plugins\mcufinder//mcu/cs/
2024-09-19 10:42:48,495 [INFO] MainPanel:268 - HeapMemory: 268435456
2024-09-19 10:42:48,585 [INFO] DbMcusXml:78 - Set database path to: C:\ST\STM32CubeIDE_1.16.0\STM32CubeIDE\plugins\com.st.stm32cube.common.mx_6.12.0.202406281431\\db\/mcu/
2024-09-19 10:42:48,585 [INFO] ApiDb:274 - Set plugin database path to: C:\ST\STM32CubeIDE_1.16.0\STM32CubeIDE\plugins\com.st.stm32cube.common.mx_6.12.0.202406281431\\db\/plugins/boardmanager/
2024-09-19 10:42:48,585 [INFO] ApiDb:261 - Set plugin images path to: C:\ST\STM32CubeIDE_1.16.0\STM32CubeIDE\plugins\com.st.stm32cube.common.mx_6.12.0.202406281431\\db\/plugins/mcufinder/images/
2024-09-19 10:42:48,586 [WARN] DbFile:41 - Overriding database path with different value: C:\Users\aadne\.stmcufinder\plugins\mcufinder/ => C:\Users\aadne\.stmcufinder\plugins\mcufinder
2024-09-19 10:42:48,586 [INFO] ApiDb:250 - Set database path to: C:\Users\aadne\.stmcufinder\plugins\mcufinder//mcu/
2024-09-19 10:42:48,586 [WARN] DbFile:41 - Overriding database path with different value: C:\Users\aadne\.stmcufinder\plugins\mcufinder/ => C:\Users\aadne\.stmcufinder\plugins\mcufinder
2024-09-19 10:42:48,586 [INFO] DbMcusAds:125 - Set database path to: C:\Users\aadne\.stmcufinder\plugins\mcufinder//mcu/
2024-09-19 10:42:48,586 [WARN] DbFile:41 - Overriding database path with different value: C:\Users\aadne\.stmcufinder\plugins\mcufinder/ => C:\Users\aadne\.stmcufinder\plugins\mcufinder
2024-09-19 10:42:48,586 [WARN] DbFile:41 - Overriding database path with different value: C:\Users\aadne\.stmcufinder\plugins\mcufinder/ => C:\Users\aadne\.stmcufinder\plugins\mcufinder
2024-09-19 10:42:48,586 [INFO] CrossReferenceDbSqlite:203 - Set database path to: C:\Users\aadne\.stmcufinder\plugins\mcufinder//mcu/cs/
2024-09-19 10:42:48,603 [INFO] ApplicationProperties:184 - Using Application install path: C:\ST\STM32CubeIDE_1.16.0\STM32CubeIDE\plugins\com.st.stm32cube.common.mx_6.12.0.202406281431
2024-09-19 10:42:48,604 [INFO] PluginManage:196 - Search for loadable plugins [exclusion list=, ]
2024-09-19 10:42:48,606 [INFO] PluginManage:310 - Check plugin analytics
2024-09-19 10:42:48,791 [INFO] AnalyticsPlugin:253 - Accepted Software Licenses: 
2024-09-19 10:42:48,792 [INFO] AnalyticsPlugin:255 - Accepted CMSIS Pack Licenses: 
2024-09-19 10:42:48,792 [INFO] AnalyticsPlugin:257 - Accepted Firmware Licenses: 
2024-09-19 10:42:48,794 [INFO] PluginManage:359 - Loaded plugin analytics (category:tool,tabindex:-1)
2024-09-19 10:42:48,795 [INFO] PluginManage:310 - Check plugin cadmodel
2024-09-19 10:42:48,811 [INFO] CADModel:105 - Init CAD model plugin
2024-09-19 10:42:48,812 [INFO] PluginManage:359 - Loaded plugin cadmodel (category:power,tabindex:5)
2024-09-19 10:42:48,812 [INFO] PluginManage:310 - Check plugin clock
2024-09-19 10:42:48,830 [INFO] PluginManage:359 - Loaded plugin clock (category:base,tabindex:2)
2024-09-19 10:42:48,830 [INFO] PluginManage:310 - Check plugin ddr
2024-09-19 10:42:48,832 [INFO] PluginManage:359 - Loaded plugin ddr (category:tool,tabindex:6)
2024-09-19 10:42:48,833 [INFO] PluginManage:310 - Check plugin filemanager
2024-09-19 10:42:48,981 [INFO] PluginManage:359 - Loaded plugin filemanager (category:base,tabindex:10)
2024-09-19 10:42:48,981 [INFO] PluginManage:310 - Check plugin ipmanager
2024-09-19 10:42:48,987 [INFO] PluginManage:359 - Loaded plugin ipmanager (category:base,tabindex:5)
2024-09-19 10:42:48,988 [INFO] PluginManage:310 - Check plugin lpbam
2024-09-19 10:42:49,005 [INFO] PluginManage:359 - Loaded plugin lpbam (category:base,tabindex:0)
2024-09-19 10:42:49,005 [INFO] PluginManage:310 - Check plugin memorymap
2024-09-19 10:42:49,023 [INFO] PluginManage:359 - Loaded plugin memorymap (category:base,tabindex:4)
2024-09-19 10:42:49,024 [INFO] PluginManage:310 - Check plugin pinoutandconfiguration
2024-09-19 10:42:49,036 [INFO] PluginManage:359 - Loaded plugin pinoutandconfiguration (category:base,tabindex:1)
2024-09-19 10:42:49,036 [INFO] PluginManage:310 - Check plugin pinoutconfig
2024-09-19 10:42:49,113 [WARN] SupportedApi:132 - Cannot load RTOS API schema: s4s-elt-must-match.1: The content of 'definitions' must match (annotation?, (simpleType | complexType)?, (unique | key | keyref)*)). A problem was found starting at: attribute.
2024-09-19 10:42:49,221 [INFO] PluginManage:359 - Loaded plugin pinoutconfig (category:base,tabindex:0)
2024-09-19 10:42:49,221 [INFO] PluginManage:310 - Check plugin power
2024-09-19 10:42:49,236 [INFO] PluginManage:359 - Loaded plugin power (category:power,tabindex:4)
2024-09-19 10:42:49,236 [INFO] PluginManage:310 - Check plugin projectmanager
2024-09-19 10:42:49,253 [INFO] PluginManage:359 - Loaded plugin projectmanager (category:projectmanager,tabindex:4)
2024-09-19 10:42:49,253 [INFO] PluginManage:310 - Check plugin rif
2024-09-19 10:42:49,266 [INFO] PluginManage:359 - Loaded plugin rif (category:base,tabindex:3)
2024-09-19 10:42:49,266 [INFO] PluginManage:310 - Check plugin thirdparty
2024-09-19 10:42:49,484 [WARN] IntegrityCheckThread:84 - waiting for thirdparty lock release [integrity check]
2024-09-19 10:42:49,484 [INFO] PluginManage:359 - Loaded plugin thirdparty (category:base,tabindex:-1)
2024-09-19 10:42:49,485 [INFO] IntegrityCheckThread:86 - entering critical section [integrity check]
2024-09-19 10:42:49,485 [INFO] PluginManage:310 - Check plugin tools
2024-09-19 10:42:49,485 [INFO] ThirdPartyUpdaterWithRetryManager:70 - Updater plugin not ready yet. [1/15]
2024-09-19 10:42:49,512 [INFO] PluginManage:359 - Loaded plugin tools (category:base,tabindex:7)
2024-09-19 10:42:49,512 [INFO] PluginManage:310 - Check plugin tutovideos
2024-09-19 10:42:49,657 [INFO] PluginManage:359 - Loaded plugin tutovideos (category:base,tabindex:-1)
2024-09-19 10:42:49,657 [INFO] PluginManage:310 - Check plugin updater
2024-09-19 10:42:49,673 [INFO] PluginManage:359 - Loaded plugin updater (category:base,tabindex:12)
2024-09-19 10:42:49,673 [INFO] PluginManage:310 - Check plugin userauth
2024-09-19 10:42:49,678 [INFO] UserAuth:113 - Init User Auth plugin
2024-09-19 10:42:49,679 [INFO] PluginManage:359 - Loaded plugin userauth (category:base,tabindex:14)
2024-09-19 10:42:49,679 [INFO] PluginManage:283 - PluginManage : Loaded plugins [18]
2024-09-19 10:42:49,862 [INFO] PinOutPanel:1561 - setPackage(No Configuration,No Configuration)
2024-09-19 10:42:49,943 [INFO] CADModel:165 - CPN selected for project level
2024-09-19 10:42:49,943 [INFO] CADModel:114 - Register for checkConnection events
2024-09-19 10:42:49,963 [INFO] IPUIPlugin:80 - create IPUIPlugin
2024-09-19 10:42:49,963 [INFO] PluginManager:220 - loadIPPluginJar : add adc
2024-09-19 10:42:49,991 [INFO] IPUIPlugin:80 - create IPUIPlugin
2024-09-19 10:42:49,991 [INFO] PluginManager:220 - loadIPPluginJar : add aes
2024-09-19 10:42:50,025 [INFO] IPUIPlugin:80 - create IPUIPlugin
2024-09-19 10:42:50,025 [INFO] PluginManager:220 - loadIPPluginJar : add can
2024-09-19 10:42:50,044 [INFO] IPUIPlugin:80 - create IPUIPlugin
2024-09-19 10:42:50,044 [INFO] PluginManager:220 - loadIPPluginJar : add comp
2024-09-19 10:42:50,071 [INFO] IPUIPlugin:80 - create IPUIPlugin
2024-09-19 10:42:50,071 [INFO] PluginManager:220 - loadIPPluginJar : add cryp
2024-09-19 10:42:50,082 [INFO] IPUIPlugin:80 - create IPUIPlugin
2024-09-19 10:42:50,082 [INFO] PluginManager:220 - loadIPPluginJar : add ddr_ctrl_phy
2024-09-19 10:42:50,106 [INFO] IPUIPlugin:80 - create IPUIPlugin
2024-09-19 10:42:50,106 [INFO] PluginManager:220 - loadIPPluginJar : add dfsdm
2024-09-19 10:42:50,117 [INFO] IPUIPlugin:80 - create IPUIPlugin
2024-09-19 10:42:50,118 [INFO] PluginManager:220 - loadIPPluginJar : add dma
2024-09-19 10:42:50,149 [INFO] IPUIPlugin:80 - create IPUIPlugin
2024-09-19 10:42:50,149 [INFO] PluginManager:220 - loadIPPluginJar : add dma3
2024-09-19 10:42:50,183 [INFO] IPUIPlugin:80 - create IPUIPlugin
2024-09-19 10:42:50,183 [INFO] PluginManager:220 - loadIPPluginJar : add extmemmanager
2024-09-19 10:42:50,200 [INFO] IPUIPlugin:80 - create IPUIPlugin
2024-09-19 10:42:50,200 [INFO] PluginManager:220 - loadIPPluginJar : add fatfs
2024-09-19 10:42:50,238 [INFO] IPUIPlugin:80 - create IPUIPlugin
2024-09-19 10:42:50,238 [INFO] PluginManager:220 - loadIPPluginJar : add fmc
2024-09-19 10:42:50,250 [INFO] IPUIPlugin:80 - create IPUIPlugin
2024-09-19 10:42:50,251 [INFO] PluginManager:220 - loadIPPluginJar : add freertos
2024-09-19 10:42:50,270 [INFO] IPUIPlugin:80 - create IPUIPlugin
2024-09-19 10:42:50,271 [INFO] PluginManager:220 - loadIPPluginJar : add genericplugin
2024-09-19 10:42:50,358 [INFO] IPUIPlugin:80 - create IPUIPlugin
2024-09-19 10:42:50,358 [INFO] PluginManager:220 - loadIPPluginJar : add gfxmmu
2024-09-19 10:42:50,492 [INFO] IPUIPlugin:80 - create IPUIPlugin
2024-09-19 10:42:50,492 [INFO] PluginManager:220 - loadIPPluginJar : add gic
2024-09-19 10:42:50,503 [INFO] IPUIPlugin:80 - create IPUIPlugin
2024-09-19 10:42:50,503 [INFO] PluginManager:220 - loadIPPluginJar : add gpio
2024-09-19 10:42:50,578 [INFO] IPUIPlugin:80 - create IPUIPlugin
2024-09-19 10:42:50,578 [INFO] PluginManager:220 - loadIPPluginJar : add gtzc
2024-09-19 10:42:50,606 [INFO] IPUIPlugin:80 - create IPUIPlugin
2024-09-19 10:42:50,606 [INFO] PluginManager:220 - loadIPPluginJar : add hash
2024-09-19 10:42:50,660 [INFO] IPUIPlugin:80 - create IPUIPlugin
2024-09-19 10:42:50,660 [INFO] PluginManager:220 - loadIPPluginJar : add i2c
2024-09-19 10:42:50,694 [INFO] IPUIPlugin:80 - create IPUIPlugin
2024-09-19 10:42:50,695 [INFO] PluginManager:220 - loadIPPluginJar : add i2s
2024-09-19 10:42:50,730 [INFO] IPUIPlugin:80 - create IPUIPlugin
2024-09-19 10:42:50,730 [INFO] PluginManager:220 - loadIPPluginJar : add i3c
2024-09-19 10:42:50,809 [INFO] IPUIPlugin:80 - create IPUIPlugin
2024-09-19 10:42:50,809 [INFO] PluginManager:220 - loadIPPluginJar : add ipddr
2024-09-19 10:42:50,883 [INFO] IPUIPlugin:80 - create IPUIPlugin
2024-09-19 10:42:50,884 [INFO] PluginManager:220 - loadIPPluginJar : add linkedlist
2024-09-19 10:42:50,910 [INFO] IPUIPlugin:80 - create IPUIPlugin
2024-09-19 10:42:50,911 [INFO] PluginManager:220 - loadIPPluginJar : add lorawan
2024-09-19 10:42:50,939 [INFO] IPUIPlugin:80 - create IPUIPlugin
2024-09-19 10:42:50,939 [INFO] PluginManager:220 - loadIPPluginJar : add ltdc
2024-09-19 10:42:50,950 [INFO] IPUIPlugin:80 - create IPUIPlugin
2024-09-19 10:42:50,950 [INFO] PluginManager:220 - loadIPPluginJar : add mdma
2024-09-19 10:42:50,960 [INFO] IPUIPlugin:80 - create IPUIPlugin
2024-09-19 10:42:50,960 [INFO] PluginManager:220 - loadIPPluginJar : add nvic
2024-09-19 10:42:51,012 [INFO] IPUIPlugin:80 - create IPUIPlugin
2024-09-19 10:42:51,012 [INFO] PluginManager:220 - loadIPPluginJar : add opamp
2024-09-19 10:42:51,058 [INFO] IPUIPlugin:80 - create IPUIPlugin
2024-09-19 10:42:51,058 [INFO] PluginManager:220 - loadIPPluginJar : add openamp
2024-09-19 10:42:51,093 [INFO] IPUIPlugin:80 - create IPUIPlugin
2024-09-19 10:42:51,093 [INFO] PluginManager:220 - loadIPPluginJar : add pdm2pcm
2024-09-19 10:42:51,106 [INFO] IPUIPlugin:80 - create IPUIPlugin
2024-09-19 10:42:51,108 [INFO] PluginManager:220 - loadIPPluginJar : add plateformsettings
2024-09-19 10:42:51,128 [INFO] IPUIPlugin:80 - create IPUIPlugin
2024-09-19 10:42:51,128 [INFO] PluginManager:220 - loadIPPluginJar : add quadspi
2024-09-19 10:42:51,149 [INFO] IPUIPlugin:80 - create IPUIPlugin
2024-09-19 10:42:51,150 [INFO] PluginManager:220 - loadIPPluginJar : add radio
2024-09-19 10:42:51,162 [INFO] IPUIPlugin:80 - create IPUIPlugin
2024-09-19 10:42:51,162 [INFO] PluginManager:220 - loadIPPluginJar : add resmgrutility
2024-09-19 10:42:51,200 [INFO] IPUIPlugin:80 - create IPUIPlugin
2024-09-19 10:42:51,200 [INFO] PluginManager:220 - loadIPPluginJar : add sai
2024-09-19 10:42:51,229 [INFO] IPUIPlugin:80 - create IPUIPlugin
2024-09-19 10:42:51,229 [INFO] PluginManager:220 - loadIPPluginJar : add spi
2024-09-19 10:42:51,287 [INFO] IPUIPlugin:80 - create IPUIPlugin
2024-09-19 10:42:51,288 [INFO] PluginManager:220 - loadIPPluginJar : add stm32_wpan
2024-09-19 10:42:51,306 [INFO] IPUIPlugin:80 - create IPUIPlugin
2024-09-19 10:42:51,307 [INFO] PluginManager:220 - loadIPPluginJar : add tim
2024-09-19 10:42:51,354 [INFO] IPUIPlugin:80 - create IPUIPlugin
2024-09-19 10:42:51,354 [INFO] PluginManager:220 - loadIPPluginJar : add touchsensing
2024-09-19 10:42:51,374 [INFO] IPUIPlugin:80 - create IPUIPlugin
2024-09-19 10:42:51,374 [INFO] PluginManager:220 - loadIPPluginJar : add tracer_emb
2024-09-19 10:42:51,394 [INFO] IPUIPlugin:80 - create IPUIPlugin
2024-09-19 10:42:51,394 [INFO] PluginManager:220 - loadIPPluginJar : add ts
2024-09-19 10:42:51,412 [INFO] IPUIPlugin:80 - create IPUIPlugin
2024-09-19 10:42:51,413 [INFO] PluginManager:220 - loadIPPluginJar : add tsc
2024-09-19 10:42:51,429 [INFO] IPUIPlugin:80 - create IPUIPlugin
2024-09-19 10:42:51,429 [INFO] PluginManager:220 - loadIPPluginJar : add ucpd
2024-09-19 10:42:51,462 [INFO] IPUIPlugin:80 - create IPUIPlugin
2024-09-19 10:42:51,462 [INFO] PluginManager:220 - loadIPPluginJar : add usart
2024-09-19 10:42:51,497 [INFO] IPUIPlugin:80 - create IPUIPlugin
2024-09-19 10:42:51,497 [INFO] PluginManager:220 - loadIPPluginJar : add usbx
2024-09-19 10:42:51,611 [INFO] CADModel:165 - CPN selected for project level
2024-09-19 10:42:51,611 [INFO] CADModel:114 - Register for checkConnection events
2024-09-19 10:42:51,612 [FATAL] Updater:334 - Updater called before beeing initialized
2024-09-19 10:42:51,612 [ERROR] CADModel:125 - Updater not yet initialized, retry later 
2024-09-19 10:42:51,735 [INFO] CADModel:165 - CPN selected for project level
2024-09-19 10:42:51,735 [INFO] CADModel:114 - Register for checkConnection events
2024-09-19 10:42:51,735 [FATAL] Updater:334 - Updater called before beeing initialized
2024-09-19 10:42:51,735 [ERROR] CADModel:125 - Updater not yet initialized, retry later 
2024-09-19 10:42:51,738 [FATAL] Updater:334 - Updater called before beeing initialized
2024-09-19 10:42:51,821 [FATAL] Updater:334 - Updater called before beeing initialized
2024-09-19 10:42:51,830 [INFO] DbMcusAds:53 - JSON generation date=Thu Sep 30 08:55:09 CEST 2021 (1632984909247)
2024-09-19 10:42:51,830 [FATAL] Updater:334 - Updater called before beeing initialized
2024-09-19 10:42:51,868 [WARN] DetailPanel:346 - Failed to get advertising image, set to default
2024-09-19 10:42:51,934 [FATAL] Updater:334 - Updater called before beeing initialized
2024-09-19 10:42:51,936 [FATAL] Updater:334 - Updater called before beeing initialized
2024-09-19 10:42:51,936 [FATAL] Updater:334 - Updater called before beeing initialized
2024-09-19 10:42:51,936 [WARN] DetailPanel:346 - Failed to get advertising image, set to default
2024-09-19 10:42:51,937 [FATAL] Updater:334 - Updater called before beeing initialized
2024-09-19 10:42:51,988 [ERROR] Updater:1164 - MainUpdater not yet initialized. External WinMGr cannot be set.
2024-09-19 10:42:51,996 [INFO] Updater:1100 - Updater Version found : 6.12.0
2024-09-19 10:42:52,011 [INFO] ApplicationProperties:184 - Using Application install path: C:\ST\STM32CubeIDE_1.16.0\STM32CubeIDE\plugins\com.st.stm32cube.common.mx_6.12.0.202406281431
2024-09-19 10:42:52,486 [INFO] ThirdPartyUpdaterWithRetryManager:70 - Updater plugin not ready yet. [2/15]
2024-09-19 10:42:53,591 [ERROR] LogOutputStream:75 - [STDERR_REDIRECT] Sep 19, 2024 10:42:53 AM java.util.prefs.WindowsPreferences <init>
2024-09-19 10:42:53,592 [ERROR] LogOutputStream:75 - [STDERR_REDIRECT] WARNING: Could not open/create prefs root node Software\JavaSoft\Prefs at root 0xffffffff80000002. Windows RegCreateKeyEx(...) returned error code 5.
2024-09-19 10:42:53,592 [ERROR] LogOutputStream:75 - [STDERR_REDIRECT] 
2024-09-19 10:42:53,881 [INFO] MainUpdater:2873 - connection check result : 10
2024-09-19 10:42:53,883 [INFO] MainUpdater:290 - Updater Check For Update Now.
2024-09-19 10:42:53,883 [INFO] MicroXplorer:498 - Change Database Version : DB.6.0.120
2024-09-19 10:42:53,903 [INFO] McuFinderGlobals:63 - Set McuFinder mode to 2 (CubeIDE integrated)
2024-09-19 10:42:53,903 [INFO] UserAuth:179 - activating auth plugin
2024-09-19 10:42:53,910 [INFO] UserAuth:417 - Internet connection configuration mode: 1
2024-09-19 10:42:53,945 [INFO] JxBrowserEngine:152 - Initiate JxBrowser Engine with user profile folder
2024-09-19 10:42:54,082 [INFO] CheckServerUpdateThread:120 - End of CheckServer Thread
2024-09-19 10:42:55,658 [WARN] PackLoader:240 - Cannot read IP mode file for STMicroelectronics.FP-SNS-MOTENVWB1.1.4.0
2024-09-19 10:42:55,671 [WARN] PackLoader:240 - Cannot read IP mode file for STMicroelectronics.X-CUBE-SMBUS.2.1.0
2024-09-19 10:42:55,701 [WARN] PackLoader:240 - Cannot read IP mode file for STMicroelectronics.X-CUBE-AZRTOS-F7.1.1.0
2024-09-19 10:42:55,770 [WARN] PackLoader:240 - Cannot read IP mode file for STMicroelectronics.X-CUBE-MEMS1.11.0.0
2024-09-19 10:42:55,912 [WARN] PackLoader:240 - Cannot read IP mode file for STMicroelectronics.FP-SNS-FLIGHT1.5.0.2
2024-09-19 10:42:55,930 [WARN] PackLoader:240 - Cannot read IP mode file for STMicroelectronics.X-CUBE-DISPLAY.3.0.0
2024-09-19 10:42:55,950 [WARN] PackLoader:240 - Cannot read IP mode file for STMicroelectronics.X-CUBE-BLE1.7.0.0
2024-09-19 10:42:55,966 [WARN] PackLoader:240 - Cannot read IP mode file for emotas.I-CUBE-CANOPEN.1.3.0
2024-09-19 10:42:55,987 [WARN] PackLoader:240 - Cannot read IP mode file for STMicroelectronics.X-CUBE-BLEMGR.3.1.0
2024-09-19 10:42:56,003 [WARN] PackLoader:240 - Cannot read IP mode file for STMicroelectronics.FP-SNS-SMARTAG2.1.2.0
2024-09-19 10:42:56,023 [INFO] LogOutputStream:77 - [STDOUT_REDIRECT] 1 : Invalid condition id : UX_CORESTACK_Condition cause : null
2024-09-19 10:42:56,024 [INFO] LogOutputStream:77 - [STDOUT_REDIRECT] 1 : Invalid condition id : UX_CORESTACK_Condition cause : null
2024-09-19 10:42:56,025 [INFO] LogOutputStream:77 - [STDOUT_REDIRECT] 1 : Invalid condition id : UX_CORESTACK_Condition cause : null
2024-09-19 10:42:56,027 [INFO] LogOutputStream:77 - [STDOUT_REDIRECT] 1 : Invalid condition id : UX_CORESTACK_Condition cause : null
2024-09-19 10:42:56,028 [INFO] LogOutputStream:77 - [STDOUT_REDIRECT] 1 : Invalid condition id : UX_CORESTACK_Condition cause : null
2024-09-19 10:42:56,031 [WARN] PackLoader:240 - Cannot read IP mode file for STMicroelectronics.X-CUBE-AZRTOS-WL.2.0.0
2024-09-19 10:42:56,046 [WARN] PackLoader:240 - Cannot read IP mode file for STMicroelectronics.FP-SNS-MOTENV1.5.0.0
2024-09-19 10:42:56,061 [WARN] PackLoader:240 - Cannot read IP mode file for wolfSSL.I-CUBE-wolfMQTT.1.19.0
2024-09-19 10:42:56,078 [WARN] PackLoader:240 - Cannot read IP mode file for WES.I-CUBE-Cesium.1.3.0
2024-09-19 10:42:56,094 [WARN] PackLoader:240 - Cannot read IP mode file for STMicroelectronics.X-CUBE-BLE2.3.3.0
2024-09-19 10:42:56,109 [WARN] PackLoader:240 - Cannot read IP mode file for STMicroelectronics.X-CUBE-TCPP.4.1.0
2024-09-19 10:42:56,135 [WARN] PackLoader:240 - Cannot read IP mode file for STMicroelectronics.X-CUBE-AZRTOS-G0.1.1.0
2024-09-19 10:42:56,151 [WARN] PackLoader:240 - Cannot read IP mode file for STMicroelectronics.X-CUBE-SAFEA1.1.2.2
2024-09-19 10:42:56,165 [WARN] PackLoader:240 - Cannot read IP mode file for STMicroelectronics.X-CUBE-NFC4.3.0.0
2024-09-19 10:42:56,180 [WARN] PackLoader:240 - Cannot read IP mode file for EmbeddedOffice.I-CUBE-FS-RTOS.1.0.1
2024-09-19 10:42:56,181 [ERROR] ConditionMgr:805 - Attr not supported : Dmpu
2024-09-19 10:42:56,181 [ERROR] ConditionMgr:805 - Attr not supported : Dmpu
2024-09-19 10:42:56,181 [ERROR] ConditionMgr:805 - Attr not supported : Dmpu
2024-09-19 10:42:56,181 [ERROR] ConditionMgr:805 - Attr not supported : Dmpu
2024-09-19 10:42:56,181 [ERROR] ConditionMgr:805 - Attr not supported : Dmpu
2024-09-19 10:42:56,181 [ERROR] ConditionMgr:805 - Attr not supported : Dmpu
2024-09-19 10:42:56,181 [ERROR] ConditionMgr:805 - Attr not supported : Dmpu
2024-09-19 10:42:56,181 [ERROR] ConditionMgr:805 - Attr not supported : Dmpu
2024-09-19 10:42:56,181 [ERROR] ConditionMgr:805 - Attr not supported : Dmpu
2024-09-19 10:42:56,181 [ERROR] ConditionMgr:805 - Attr not supported : Dmpu
2024-09-19 10:42:56,181 [ERROR] ConditionMgr:805 - Attr not supported : Dmpu
2024-09-19 10:42:56,181 [ERROR] ConditionMgr:805 - Attr not supported : Dmpu
2024-09-19 10:42:56,181 [ERROR] ConditionMgr:805 - Attr not supported : Dmpu
2024-09-19 10:42:56,181 [ERROR] ConditionMgr:805 - Attr not supported : Dmpu
2024-09-19 10:42:56,181 [ERROR] ConditionMgr:805 - Attr not supported : Dmpu
2024-09-19 10:42:56,181 [ERROR] ConditionMgr:805 - Attr not supported : Dmpu
2024-09-19 10:42:56,181 [ERROR] ConditionMgr:805 - Attr not supported : Dmpu
2024-09-19 10:42:56,181 [ERROR] ConditionMgr:805 - Attr not supported : Dmpu
2024-09-19 10:42:56,181 [ERROR] ConditionMgr:805 - Attr not supported : Dmpu
2024-09-19 10:42:56,181 [ERROR] ConditionMgr:805 - Attr not supported : Dmpu
2024-09-19 10:42:56,181 [ERROR] ConditionMgr:805 - Attr not supported : Dmpu
2024-09-19 10:42:56,182 [ERROR] ConditionMgr:805 - Attr not supported : Dmpu
2024-09-19 10:42:56,182 [ERROR] ConditionMgr:805 - Attr not supported : Dmpu
2024-09-19 10:42:56,182 [ERROR] ConditionMgr:805 - Attr not supported : Dmpu
2024-09-19 10:42:56,182 [ERROR] ConditionMgr:805 - Attr not supported : Dmpu
2024-09-19 10:42:56,182 [ERROR] ConditionMgr:805 - Attr not supported : Dmpu
2024-09-19 10:42:56,182 [ERROR] ConditionMgr:805 - Attr not supported : Dmpu
2024-09-19 10:42:56,182 [ERROR] ConditionMgr:805 - Attr not supported : Dmpu
2024-09-19 10:42:56,182 [ERROR] ConditionMgr:805 - Attr not supported : Dmpu
2024-09-19 10:42:56,182 [ERROR] ConditionMgr:805 - Attr not supported : Dmpu
2024-09-19 10:42:56,182 [ERROR] ConditionMgr:805 - Attr not supported : Dmpu
2024-09-19 10:42:56,182 [ERROR] ConditionMgr:805 - Attr not supported : Dmpu
2024-09-19 10:42:56,182 [ERROR] ConditionMgr:805 - Attr not supported : Dmpu
2024-09-19 10:42:56,182 [ERROR] ConditionMgr:805 - Attr not supported : Dmpu
2024-09-19 10:42:56,182 [ERROR] ConditionMgr:805 - Attr not supported : Dmpu
2024-09-19 10:42:56,182 [ERROR] ConditionMgr:805 - Attr not supported : Dmpu
2024-09-19 10:42:56,182 [ERROR] ConditionMgr:805 - Attr not supported : Dmpu
2024-09-19 10:42:56,182 [ERROR] ConditionMgr:805 - Attr not supported : Dmpu
2024-09-19 10:42:56,182 [ERROR] ConditionMgr:805 - Attr not supported : Dmpu
2024-09-19 10:42:56,182 [ERROR] ConditionMgr:805 - Attr not supported : Dmpu
2024-09-19 10:42:56,182 [ERROR] ConditionMgr:805 - Attr not supported : Dmpu
2024-09-19 10:42:56,182 [ERROR] ConditionMgr:805 - Attr not supported : Dmpu
2024-09-19 10:42:56,182 [ERROR] ConditionMgr:805 - Attr not supported : Dmpu
2024-09-19 10:42:56,182 [ERROR] ConditionMgr:805 - Attr not supported : Dmpu
2024-09-19 10:42:56,182 [ERROR] ConditionMgr:805 - Attr not supported : Dmpu
2024-09-19 10:42:56,182 [ERROR] ConditionMgr:805 - Attr not supported : Dmpu
2024-09-19 10:42:56,182 [ERROR] ConditionMgr:805 - Attr not supported : Dmpu
2024-09-19 10:42:56,182 [ERROR] ConditionMgr:805 - Attr not supported : Dmpu
2024-09-19 10:42:56,182 [ERROR] ConditionMgr:805 - Attr not supported : Dmpu
2024-09-19 10:42:56,182 [ERROR] ConditionMgr:805 - Attr not supported : Dmpu
2024-09-19 10:42:56,182 [ERROR] ConditionMgr:805 - Attr not supported : Dmpu
2024-09-19 10:42:56,182 [ERROR] ConditionMgr:805 - Attr not supported : Dmpu
2024-09-19 10:42:56,183 [ERROR] ConditionMgr:805 - Attr not supported : Dmpu
2024-09-19 10:42:56,183 [ERROR] ConditionMgr:805 - Attr not supported : Dmpu
2024-09-19 10:42:56,183 [ERROR] ConditionMgr:805 - Attr not supported : Dmpu
2024-09-19 10:42:56,183 [ERROR] ConditionMgr:805 - Attr not supported : Dmpu
2024-09-19 10:42:56,183 [ERROR] ConditionMgr:805 - Attr not supported : Dmpu
2024-09-19 10:42:56,183 [ERROR] ConditionMgr:805 - Attr not supported : Dmpu
2024-09-19 10:42:56,183 [ERROR] ConditionMgr:805 - Attr not supported : Dmpu
2024-09-19 10:42:56,183 [ERROR] ConditionMgr:805 - Attr not supported : Dmpu
2024-09-19 10:42:56,183 [ERROR] ConditionMgr:805 - Attr not supported : Dmpu
2024-09-19 10:42:56,183 [ERROR] ConditionMgr:805 - Attr not supported : Dmpu
2024-09-19 10:42:56,183 [ERROR] ConditionMgr:805 - Attr not supported : Dmpu
2024-09-19 10:42:56,183 [ERROR] ConditionMgr:805 - Attr not supported : Dmpu
2024-09-19 10:42:56,193 [WARN] PackLoader:240 - Cannot read IP mode file for RealThread.X-CUBE-RT-Thread_Nano.4.1.1
2024-09-19 10:42:56,202 [WARN] PackLoader:240 - Cannot read IP mode file for STMicroelectronics.FP-ATR-SIGFOX1.3.2.0
2024-09-19 10:42:56,211 [WARN] PackLoader:240 - Cannot read IP mode file for wolfSSL.I-CUBE-wolfSSL.5.7.2
2024-09-19 10:42:56,221 [WARN] PackLoader:240 - Cannot read IP mode file for STMicroelectronics.X-CUBE-EEPRMA1.5.1.0
2024-09-19 10:42:56,232 [WARN] PackLoader:240 - Cannot read IP mode file for ITTIA_DB.I-CUBE-ITTIADB.8.9.0
2024-09-19 10:42:56,262 [WARN] PackLoader:240 - Cannot read IP mode file for SEGGER.I-CUBE-embOS.1.3.1
2024-09-19 10:42:56,358 [WARN] PackLoader:240 - Cannot read IP mode file for STMicroelectronics.X-CUBE-ALGOBUILD.1.4.0
2024-09-19 10:42:56,381 [WARN] PackLoader:240 - Cannot read IP mode file for STMicroelectronics.X-CUBE-AZRTOS-F4.1.1.0
2024-09-19 10:42:56,439 [WARN] PackLoader:240 - Cannot read IP mode file for STMicroelectronics.X-CUBE-ISPU.2.1.0
2024-09-19 10:42:56,450 [WARN] PackLoader:240 - Cannot read IP mode file for STMicroelectronics.X-CUBE-FREERTOS.1.2.0
2024-09-19 10:42:56,469 [WARN] PackLoader:240 - Cannot read IP mode file for STMicroelectronics.X-CUBE-AZRTOS-L5.2.0.0
2024-09-19 10:42:56,485 [WARN] PackLoader:240 - Cannot read IP mode file for STMicroelectronics.X-CUBE-NFC6.3.1.0
2024-09-19 10:42:56,498 [WARN] PackLoader:240 - Cannot read IP mode file for STMicroelectronics.X-CUBE-DPower.1.2.0
2024-09-19 10:42:56,509 [WARN] PackLoader:240 - Cannot read IP mode file for STMicroelectronics.X-CUBE-AI.9.0.0
2024-09-19 10:42:56,575 [WARN] PackLoader:240 - Cannot read IP mode file for STMicroelectronics.X-CUBE-NFC7.1.0.1
2024-09-19 10:42:56,606 [WARN] ConditionMgr:438 - getConditionDescription Invalid condition id : LAN8742 Phy interface Condition cause : null
2024-09-19 10:42:56,607 [WARN] PackLoader:240 - Cannot read IP mode file for STMicroelectronics.X-CUBE-AZRTOS-L4.2.0.0
2024-09-19 10:42:56,607 [WARN] ConditionMgr:1039 - genDependencies : Invalid condition id : LAN8742 Phy interface Condition cause : null
2024-09-19 10:42:56,608 [WARN] ConditionMgr:1039 - genDependencies : Invalid condition id : LAN8742 Phy interface Condition cause : null
2024-09-19 10:42:56,608 [WARN] ConditionMgr:1039 - genDependencies : Invalid condition id : LAN8742 Phy interface Condition cause : null
2024-09-19 10:42:56,623 [WARN] PackLoader:240 - Cannot read IP mode file for STMicroelectronics.X-CUBE-SFXS2LP1.4.0.0
2024-09-19 10:42:56,651 [WARN] PackLoader:240 - Cannot read IP mode file for STMicroelectronics.X-CUBE-AZRTOS-H7.3.3.0
2024-09-19 10:42:56,672 [WARN] ConditionMgr:438 - getConditionDescription Invalid condition id : UX DEVICE CLASS RTOS Condition cause : null
2024-09-19 10:42:56,673 [WARN] ConditionMgr:438 - getConditionDescription Invalid condition id : UX DEVICE CLASS RTOS Condition cause : null
2024-09-19 10:42:56,673 [WARN] PackLoader:240 - Cannot read IP mode file for STMicroelectronics.X-CUBE-AZRTOS-WB.2.0.0
2024-09-19 10:42:56,674 [WARN] ConditionMgr:1039 - genDependencies : Invalid condition id : UX DEVICE CLASS RTOS Condition cause : null
2024-09-19 10:42:56,674 [WARN] ConditionMgr:1039 - genDependencies : Invalid condition id : UX DEVICE CLASS RTOS Condition cause : null
2024-09-19 10:42:56,674 [WARN] ConditionMgr:1039 - genDependencies : Invalid condition id : UX DEVICE CLASS RTOS Condition cause : null
2024-09-19 10:42:56,674 [WARN] ConditionMgr:1039 - genDependencies : Invalid condition id : UX DEVICE CLASS RTOS Condition cause : null
2024-09-19 10:42:56,674 [WARN] ConditionMgr:1039 - genDependencies : Invalid condition id : UX DEVICE CLASS RTOS Condition cause : null
2024-09-19 10:42:56,686 [WARN] PackLoader:240 - Cannot read IP mode file for STMicroelectronics.X-CUBE-GNSS1.7.0.0
2024-09-19 10:42:56,698 [WARN] PackLoader:240 - Cannot read IP mode file for STMicroelectronics.FP-SNS-STBOX1.2.0.0
2024-09-19 10:42:56,714 [WARN] PackLoader:240 - Cannot read IP mode file for STMicroelectronics.X-CUBE-SUBG2.5.0.0
2024-09-19 10:42:56,728 [WARN] PackLoader:240 - Cannot read IP mode file for Cesanta.I-CUBE-Mongoose.7.13.0
2024-09-19 10:42:56,745 [WARN] PackLoader:240 - Cannot read IP mode file for STMicroelectronics.X-CUBE-AZRTOS-G4.2.0.0
2024-09-19 10:42:56,755 [WARN] PackLoader:240 - Cannot read IP mode file for STMicroelectronics.X-CUBE-ALS.1.0.2
2024-09-19 10:42:56,768 [WARN] PackLoader:240 - Cannot read IP mode file for STMicroelectronics.X-CUBE-TOUCHGFX.4.24.0
2024-09-19 10:42:56,779 [WARN] PackLoader:240 - Cannot read IP mode file for wolfSSL.I-CUBE-wolfTPM.3.4.0
2024-09-19 10:42:56,790 [WARN] PackLoader:240 - Cannot read IP mode file for portGmbH.I-Cube-SoM-uGOAL.1.1.0
2024-09-19 10:42:56,810 [WARN] PackLoader:240 - Cannot read IP mode file for STMicroelectronics.X-CUBE-AZRTOS-H7RS.1.0.0
2024-09-19 10:42:56,820 [WARN] PackLoader:240 - Cannot read IP mode file for STMicroelectronics.FP-ATR-ASTRA1.2.0.0
2024-09-19 10:42:56,835 [WARN] PackLoader:240 - Cannot read IP mode file for STMicroelectronics.X-CUBE-TOF1.3.4.2
2024-09-19 10:42:56,859 [WARN] PackLoader:240 - Cannot read IP mode file for Infineon.AIROC-Wi-Fi-Bluetooth-STM32.1.6.1
2024-09-19 10:42:56,869 [WARN] PackLoader:240 - Cannot read IP mode file for wolfSSL.I-CUBE-wolfSSH.1.4.17
2024-09-19 10:42:56,870 [INFO] ThirdParty:978 - Integrity check success = true
2024-09-19 10:42:56,870 [INFO] IntegrityCheckThread:100 - exiting critical section [integrity check]
2024-09-19 10:42:56,870 [INFO] IntegrityCheckThread:103 - End integrity checks thread
2024-09-19 10:42:56,933 [INFO] WebApp:167 - Instantiating new browser for Auth
2024-09-19 10:42:57,814 [INFO] WebApp:448 - Apply proxy settings
2024-09-19 10:42:57,816 [INFO] WebApp:533 - Chromium requires no authentication
2024-09-19 10:42:57,826 [INFO] WebApp:476 - Direct internet connection detected
2024-09-19 10:42:57,855 [INFO] WebApp:869 - Register for checkConnection events
2024-09-19 10:42:57,855 [INFO] WebApp:448 - Apply proxy settings
2024-09-19 10:42:57,856 [INFO] WebApp:533 - Chromium requires no authentication
2024-09-19 10:42:57,856 [INFO] WebApp:476 - Direct internet connection detected
2024-09-19 10:42:58,015 [INFO] WebApp:220 - Starting web application
2024-09-19 10:42:58,015 [INFO] WebApp:578 - Web application path used C:\ST\STM32CubeIDE_1.16.0\STM32CubeIDE\plugins\com.st.stm32cube.common.mx_6.12.0.202406281431\db\plugins\mcufinder\reactClient1\index.html
2024-09-19 10:42:58,338 [INFO] WebApp:186 - Connection restablished
2024-09-19 10:43:14,074 [INFO] WebApp:189 - Connection lost
2024-09-19 10:43:14,232 [INFO] WebApp:186 - Connection restablished
2024-09-19 10:43:16,538 [INFO] WebApp:189 - Connection lost
2024-09-19 10:43:16,673 [INFO] WebApp:186 - Connection restablished
2024-09-19 10:43:23,512 [INFO] WebApp:189 - Connection lost
2024-09-19 10:43:23,709 [INFO] WebApp:186 - Connection restablished
2024-09-19 10:44:08,747 [INFO] WebApp:189 - Connection lost
2024-09-19 10:44:08,952 [INFO] WebApp:186 - Connection restablished
2024-09-19 10:44:19,830 [ERROR] LogOutputStream:75 - [STDERR_REDIRECT] 
2024-09-19 10:44:19,831 [ERROR] LogOutputStream:75 - [STDERR_REDIRECT] 
